[2026-01-16 15:58:37] ============================================================
[2026-01-16 15:58:37] 🚀 올프(All Day Price) 크롤러 시작
[2026-01-16 15:58:37] ============================================================
[2026-01-16 15:58:37] 🔐 로그인 상태 확인 중...
[2026-01-16 15:59:26] 
❌ 크롤러 오류 발생: Page.goto: Timeout 30000ms exceeded.
Call log:
  - navigating to "https://www.oliveyoung.co.kr/store/mypage/getLoginPage.do", waiting until "networkidle"

[2026-01-16 16:02:37] ============================================================
[2026-01-16 16:02:37] 🚀 올프(All Day Price) 크롤러 시작
[2026-01-16 16:02:37] ============================================================
[2026-01-16 16:02:37] 🔐 로그인 상태 확인 중...
[2026-01-16 16:03:48] ❌ 로그인 실패. 크롤링을 중단합니다.
[2026-01-16 16:04:54] ============================================================
[2026-01-16 16:04:54] 🚀 올프(All Day Price) 크롤러 시작
[2026-01-16 16:04:54] ============================================================
[2026-01-16 16:04:54] 🔐 로그인 상태 확인 중...
[2026-01-16 16:05:39] 
📦 상품 크롤링 시작...
[2026-01-16 16:05:39] 
📂 [스킨케어] 카테고리 크롤링...
[2026-01-16 16:05:55]   ✅ [스킨케어] 0개 상품 저장 완료
[2026-01-16 16:05:55] 
📂 [마스크팩] 카테고리 크롤링...
[2026-01-16 16:06:06]   ✅ [마스크팩] 0개 상품 저장 완료
[2026-01-16 16:06:06] 
📂 [클렌징] 카테고리 크롤링...
[2026-01-16 16:06:16]   ✅ [클렌징] 0개 상품 저장 완료
[2026-01-16 16:06:16] 
📂 [선케어] 카테고리 크롤링...
[2026-01-16 16:06:24]   ✅ [선케어] 0개 상품 저장 완료
[2026-01-16 16:06:24] 
📂 [메이크업] 카테고리 크롤링...
[2026-01-16 16:06:31]   ✅ [메이크업] 0개 상품 저장 완료
[2026-01-16 16:06:31] 
📂 [네일] 카테고리 크롤링...
[2026-01-16 16:06:39]   ✅ [네일] 0개 상품 저장 완료
[2026-01-16 16:06:39] 
📂 [메이크업툴] 카테고리 크롤링...
[2026-01-16 16:09:44] ============================================================
[2026-01-16 16:09:44] 🚀 올프(All Day Price) 크롤러 시작
[2026-01-16 16:09:44] ============================================================
[2026-01-16 16:09:44] 🔐 로그인 상태 확인 중...
[2026-01-16 16:10:05] 
📦 상품 크롤링 시작...
[2026-01-16 16:10:05] 
📂 [스킨케어] 카테고리 크롤링...
[2026-01-16 16:10:13]   ✅ [스킨케어] 0개 상품 저장 완료
[2026-01-16 16:10:13] 
📂 [마스크팩] 카테고리 크롤링...
[2026-01-16 16:10:23]   ✅ [마스크팩] 0개 상품 저장 완료
[2026-01-16 16:10:23] 
📂 [클렌징] 카테고리 크롤링...
[2026-01-16 16:10:29]   ✅ [클렌징] 0개 상품 저장 완료
[2026-01-16 16:10:29] 
📂 [선케어] 카테고리 크롤링...
[2026-01-16 16:10:34]   ✅ [선케어] 0개 상품 저장 완료
[2026-01-16 16:10:34] 
📂 [메이크업] 카테고리 크롤링...
[2026-01-16 16:10:41]   ✅ [메이크업] 0개 상품 저장 완료
[2026-01-16 16:10:41] 
📂 [네일] 카테고리 크롤링...
[2026-01-16 16:12:44] ============================================================
[2026-01-16 16:12:44] 🚀 올프(All Day Price) 크롤러 시작
[2026-01-16 16:12:44] ============================================================
[2026-01-16 16:12:44] 🔐 로그인 상태 확인 중...
[2026-01-16 16:12:59] 
📦 상품 크롤링 시작...
[2026-01-16 16:12:59] 
📂 [스킨케어] 카테고리 크롤링...
[2026-01-16 16:13:05]   ✅ [스킨케어] 0개 상품 저장 완료
[2026-01-16 16:13:05] 
📂 [마스크팩] 카테고리 크롤링...
[2026-01-16 16:13:12]   ✅ [마스크팩] 0개 상품 저장 완료
[2026-01-16 16:13:12] 
📂 [클렌징] 카테고리 크롤링...
[2026-01-16 16:13:18]   ✅ [클렌징] 0개 상품 저장 완료
[2026-01-16 16:13:18] 
📂 [선케어] 카테고리 크롤링...
[2026-01-16 16:13:58] ============================================================
[2026-01-16 16:13:58] 🚀 올프(All Day Price) 크롤러 시작
[2026-01-16 16:13:58] ============================================================
[2026-01-16 16:13:59] 🔐 로그인 상태 확인 중...
[2026-01-16 16:14:14] 
📦 상품 크롤링 시작...
[2026-01-16 16:14:14] 
📂 [스킨케어] 카테고리 크롤링...
[2026-01-16 16:14:22]   ✅ [스킨케어] 0개 상품 저장 완료
[2026-01-16 16:14:22] 
📂 [마스크팩] 카테고리 크롤링...
[2026-01-16 16:16:55] ============================================================
[2026-01-16 16:16:55] 🚀 올프(All Day Price) 크롤러 시작
[2026-01-16 16:16:55] ============================================================
[2026-01-16 16:16:55] 🔐 로그인 상태 확인 중...
[2026-01-16 16:17:14] 
📦 상품 크롤링 시작...
[2026-01-16 16:17:14] 
📂 [스킨케어] 카테고리 크롤링...
[2026-01-16 16:17:22]   ✅ [스킨케어] 0개 상품 저장 완료
[2026-01-16 16:17:22] 
📂 [마스크팩] 카테고리 크롤링...
[2026-01-16 16:19:00] ============================================================
[2026-01-16 16:19:00] 🚀 올프(All Day Price) 크롤러 시작
[2026-01-16 16:19:00] ============================================================
[2026-01-16 16:19:00] 🔐 로그인 상태 확인 중...
[2026-01-16 16:19:15] 
📦 상품 크롤링 시작...
[2026-01-16 16:19:15] 
📂 [스킨케어] 카테고리 크롤링...
[2026-01-16 16:19:23]   ✅ [스킨케어] 5개 상품 저장 완료
[2026-01-16 16:19:23] 
📂 [마스크팩] 카테고리 크롤링...
[2026-01-16 16:19:30]   ✅ [마스크팩] 5개 상품 저장 완료
[2026-01-16 16:19:30] 
📂 [클렌징] 카테고리 크롤링...
[2026-01-16 16:19:38]   ✅ [클렌징] 5개 상품 저장 완료
[2026-01-16 16:19:38] 
📂 [선케어] 카테고리 크롤링...
[2026-01-16 16:20:23]   ✅ [선케어] 5개 상품 저장 완료
[2026-01-16 16:20:23] 
📂 [메이크업] 카테고리 크롤링...
[2026-01-16 16:20:32]   ✅ [메이크업] 5개 상품 저장 완료
[2026-01-16 16:20:32] 
📂 [네일] 카테고리 크롤링...
[2026-01-16 16:20:52]   ✅ [네일] 5개 상품 저장 완료
[2026-01-16 16:20:52] 
📂 [메이크업툴] 카테고리 크롤링...
[2026-01-16 16:21:03]   ✅ [메이크업툴] 5개 상품 저장 완료
[2026-01-16 16:21:03] 
📂 [더모 코스메틱] 카테고리 크롤링...
[2026-01-16 16:21:15]   ✅ [더모 코스메틱] 5개 상품 저장 완료
[2026-01-16 16:21:15] 
📂 [맨즈케어] 카테고리 크롤링...
[2026-01-16 16:22:18]   ✅ [맨즈케어] 5개 상품 저장 완료
[2026-01-16 16:22:18] 
📂 [향수/디퓨저] 카테고리 크롤링...
[2026-01-16 16:22:33]   ✅ [향수/디퓨저] 5개 상품 저장 완료
[2026-01-16 16:22:33] 
📂 [헤어케어] 카테고리 크롤링...
[2026-01-16 16:22:51]   ✅ [헤어케어] 5개 상품 저장 완료
[2026-01-16 16:22:51] 
📂 [바디케어] 카테고리 크롤링...
[2026-01-16 16:23:39]   ✅ [바디케어] 5개 상품 저장 완료
[2026-01-16 16:23:39] 
📂 [건강식품] 카테고리 크롤링...
[2026-01-16 16:24:32]   ✅ [건강식품] 5개 상품 저장 완료
[2026-01-16 16:24:32] 
📂 [푸드] 카테고리 크롤링...
[2026-01-16 16:25:03]   ✅ [푸드] 5개 상품 저장 완료
[2026-01-16 16:25:03] 
📂 [구강용품] 카테고리 크롤링...
[2026-01-16 16:26:10]   ✅ [구강용품] 5개 상품 저장 완료
[2026-01-16 16:26:10] 
📂 [헬스/건강용품] 카테고리 크롤링...
[2026-01-16 16:27:31]   ✅ [헬스/건강용품] 5개 상품 저장 완료
[2026-01-16 16:27:31] 
📂 [위생용품] 카테고리 크롤링...
[2026-01-16 16:28:03]   ✅ [위생용품] 5개 상품 저장 완료
[2026-01-16 16:28:03] 
📂 [패션] 카테고리 크롤링...
[2026-01-16 16:28:16]   ✅ [패션] 5개 상품 저장 완료
[2026-01-16 16:28:16] 
📂 [홈리빙/가전] 카테고리 크롤링...
[2026-01-16 16:28:39]   ✅ [홈리빙/가전] 5개 상품 저장 완료
[2026-01-16 16:28:39] 
📂 [취미/팬시] 카테고리 크롤링...
[2026-01-16 16:31:08]   ✅ [취미/팬시] 4개 상품 저장 완료
[2026-01-16 16:31:08] 
🎫 쿠폰 크롤링 시작...
[2026-01-16 16:45:25] 
============================================================
[2026-01-16 16:45:25] 📊 크롤링 완료 리포트
[2026-01-16 16:45:25] ============================================================
[2026-01-16 16:45:25]   ⏱️ 소요 시간: 0:26:24.815682
[2026-01-16 16:45:25]   📂 완료 카테고리: 20/20
[2026-01-16 16:45:25]   📦 수집 상품: 99개
[2026-01-16 16:45:25]   🎫 수집 쿠폰: 0개
[2026-01-16 16:45:25] 
✅ 크롤링이 완료되었습니다!
[2026-01-16 16:45:25] 
📈 DB 현황:
[2026-01-16 16:45:25]   - 전체 상품: 97개
[2026-01-16 16:45:25]   - 활성 쿠폰: 0개
[2026-01-16 16:57:55] ============================================================
[2026-01-16 16:57:55] 🚀 올프(All Day Price) 크롤러 시작
[2026-01-16 16:57:55] ============================================================
[2026-01-16 16:57:55] 🔐 로그인 상태 확인 중...
[2026-01-16 16:58:06] 
❌ 크롤러 오류 발생: Page.goto: Target page, context or browser has been closed
Call log:
  - navigating to "https://www.oliveyoung.co.kr/store/main/main.do", waiting until "networkidle"

