[2026-01-17 11:02:15] ============================================================
[2026-01-17 11:02:15] 🚀 올프(All Day Price) 크롤러 시작 [가격만 업데이트 모드]
[2026-01-17 11:02:15] ============================================================
[2026-01-17 11:02:16] 🔐 로그인 상태 확인 중...
[2026-01-17 11:04:30] ============================================================
[2026-01-17 11:04:30] 🚀 올프(All Day Price) 크롤러 시작 [가격만 업데이트 모드]
[2026-01-17 11:04:30] ============================================================
[2026-01-17 11:04:30] 🔐 로그인 상태 확인 중...
[2026-01-17 11:05:08] 
📦 상품 크롤링 시작...
[2026-01-17 11:05:10] 
📂 [스킨케어] 카테고리 크롤링...
[2026-01-17 11:05:32]   ✅ [스킨케어] 100개 저장 (신규: 93, 업데이트: 7)
[2026-01-17 11:05:32] 
📂 [마스크팩] 카테고리 크롤링...
[2026-01-17 11:05:53]   ✅ [마스크팩] 100개 저장 (신규: 95, 업데이트: 5)
[2026-01-17 11:05:53] 
📂 [클렌징] 카테고리 크롤링...
[2026-01-17 11:06:17]   ✅ [클렌징] 100개 저장 (신규: 93, 업데이트: 7)
[2026-01-17 11:06:17] 
📂 [선케어] 카테고리 크롤링...
[2026-01-17 11:06:39]   ✅ [선케어] 100개 저장 (신규: 95, 업데이트: 5)
[2026-01-17 11:06:39] 
📂 [메이크업] 카테고리 크롤링...
[2026-01-17 11:07:00]   ✅ [메이크업] 100개 저장 (신규: 97, 업데이트: 3)
[2026-01-17 11:07:00] 
📂 [네일] 카테고리 크롤링...
[2026-01-17 11:07:22]   ✅ [네일] 100개 저장 (신규: 95, 업데이트: 5)
[2026-01-17 11:07:22] 
📂 [메이크업툴] 카테고리 크롤링...
[2026-01-17 11:07:46]   ✅ [메이크업툴] 100개 저장 (신규: 93, 업데이트: 7)
[2026-01-17 11:07:46] 
📂 [더모 코스메틱] 카테고리 크롤링...
[2026-01-17 11:08:04]   ✅ [더모 코스메틱] 100개 저장 (신규: 55, 업데이트: 45)
[2026-01-17 11:08:04] 
📂 [맨즈케어] 카테고리 크롤링...
[2026-01-17 11:08:27]   ✅ [맨즈케어] 100개 저장 (신규: 86, 업데이트: 14)
[2026-01-17 11:08:27] 
📂 [향수/디퓨저] 카테고리 크롤링...
[2026-01-17 11:08:48]   ✅ [향수/디퓨저] 100개 저장 (신규: 87, 업데이트: 13)
[2026-01-17 11:08:48] 
📂 [헤어케어] 카테고리 크롤링...
[2026-01-17 11:09:11]   ✅ [헤어케어] 100개 저장 (신규: 89, 업데이트: 11)
[2026-01-17 11:09:11] 
📂 [바디케어] 카테고리 크롤링...
[2026-01-17 11:09:33]   ✅ [바디케어] 100개 저장 (신규: 78, 업데이트: 22)
[2026-01-17 11:09:33] 
📂 [건강식품] 카테고리 크롤링...
[2026-01-17 11:09:56]   ✅ [건강식품] 100개 저장 (신규: 96, 업데이트: 4)
[2026-01-17 11:09:56] 
📂 [푸드] 카테고리 크롤링...
[2026-01-17 11:10:21]   ✅ [푸드] 100개 저장 (신규: 95, 업데이트: 5)
[2026-01-17 11:10:21] 
📂 [구강용품] 카테고리 크롤링...
[2026-01-17 11:10:44]   ✅ [구강용품] 100개 저장 (신규: 95, 업데이트: 5)
[2026-01-17 11:10:44] 
📂 [헬스/건강용품] 카테고리 크롤링...
[2026-01-17 11:11:06]   ✅ [헬스/건강용품] 100개 저장 (신규: 95, 업데이트: 5)
[2026-01-17 11:11:06] 
📂 [위생용품] 카테고리 크롤링...
[2026-01-17 11:11:30]   ✅ [위생용품] 100개 저장 (신규: 93, 업데이트: 7)
[2026-01-17 11:11:30] 
📂 [패션] 카테고리 크롤링...
[2026-01-17 11:11:52]   ✅ [패션] 100개 저장 (신규: 94, 업데이트: 6)
[2026-01-17 11:11:52] 
📂 [홈리빙/가전] 카테고리 크롤링...
[2026-01-17 11:12:18]   ✅ [홈리빙/가전] 100개 저장 (신규: 95, 업데이트: 5)
[2026-01-17 11:12:18] 
📂 [취미/팬시] 카테고리 크롤링...
[2026-01-17 11:12:40]   ✅ [취미/팬시] 100개 저장 (신규: 95, 업데이트: 5)
[2026-01-17 11:12:40] 
🎫 쿠폰 크롤링 시작...
[2026-01-17 12:38:34] 
============================================================
[2026-01-17 12:38:34] 📊 크롤링 완료 리포트
[2026-01-17 12:38:34] ============================================================
[2026-01-17 12:38:34]   ⏱️ 소요 시간: 1:34:03.822189
[2026-01-17 12:38:34]   📂 완료 카테고리: 20/20
[2026-01-17 12:38:34]   📦 신규 상품: 1814개
[2026-01-17 12:38:34]   🔄 가격 업데이트: 186개
[2026-01-17 12:38:34]   🎫 수집 쿠폰: 60개
[2026-01-17 12:38:34] 
✅ 크롤링이 완료되었습니다!
[2026-01-17 12:38:34] 
📈 DB 현황:
[2026-01-17 12:38:34]   - 전체 상품: 1911개
[2026-01-17 12:38:34]   - 활성 쿠폰: 58개
